<?xml version="1.0" encoding="UTF-8"?>
<testng-results ignored="0" total="1" passed="1" failed="0" skipped="0">
  <reporter-output>
  </reporter-output>
  <suite started-at="2023-11-24T09:31:18 IST" name="Default suite" finished-at="2023-11-24T09:32:19 IST" duration-ms="60874">
    <groups>
      <group name="cucumber">
        <method signature="AbstractTestNGCucumberTests.runScenario(io.cucumber.testng.PickleWrapper,io.cucumber.testng.FeatureWrapper)[pri:0, instance:com.testRunnersTestNG.TestNGTestRunner@5d908d47]" name="runScenario" class="io.cucumber.testng.AbstractTestNGCucumberTests"/>
      </group> <!-- cucumber -->
    </groups>
    <test started-at="2023-11-24T09:31:18 IST" name="Default test" finished-at="2023-11-24T09:32:19 IST" duration-ms="60874">
      <class name="com.testRunnersTestNG.TestNGTestRunner">
        <test-method is-config="true" signature="setUpClass()[pri:0, instance:com.testRunnersTestNG.TestNGTestRunner@5d908d47]" started-at="2023-11-24T09:31:18 IST" name="setUpClass" finished-at="2023-11-24T09:31:19 IST" duration-ms="1703" status="PASS">
          <reporter-output>
          </reporter-output>
        </test-method> <!-- setUpClass -->
        <test-method signature="runScenario(io.cucumber.testng.PickleWrapper,io.cucumber.testng.FeatureWrapper)[pri:0, instance:com.testRunnersTestNG.TestNGTestRunner@5d908d47]" started-at="2023-11-24T09:31:19 IST" name="runScenario" description="Runs Cucumber Scenarios" data-provider="scenarios" finished-at="2023-11-24T09:32:16 IST" duration-ms="56043" status="PASS">
          <params>
            <param index="0">
              <value>
                <![CDATA["Validate adding a tenant page in the profile manage address page"]]>
              </value>
            </param>
            <param index="1">
              <value>
                <![CDATA["Optional[Validate adding a tenant page in customer application]"]]>
              </value>
            </param>
          </params>
          <reporter-output>
          </reporter-output>
        </test-method> <!-- runScenario -->
        <test-method is-config="true" signature="tearDownClass()[pri:0, instance:com.testRunnersTestNG.TestNGTestRunner@5d908d47]" started-at="2023-11-24T09:32:16 IST" name="tearDownClass" finished-at="2023-11-24T09:32:19 IST" duration-ms="3066" status="PASS">
          <reporter-output>
          </reporter-output>
        </test-method> <!-- tearDownClass -->
      </class> <!-- com.testRunnersTestNG.TestNGTestRunner -->
    </test> <!-- Default test -->
  </suite> <!-- Default suite -->
</testng-results>
